2015-10-27 12:23:55,196 [18] ERROR StaticLogger.Logger - System.Data.EntityException: The underlying provider failed on Open. ---> System.Data.SqlClient.SqlException: Cannot open database "Twitter" requested by the login. The login failed.
Login failed for user 'ENDAVA\vguleaev'.
   at System.Data.SqlClient.SqlInternalConnection.OnError(SqlException exception, Boolean breakConnection, Action`1 wrapCloseInAction)
   at System.Data.SqlClient.TdsParser.ThrowExceptionAndWarning(TdsParserStateObject stateObj, Boolean callerHasConnectionLock, Boolean asyncClose)
   at System.Data.SqlClient.TdsParser.TryRun(RunBehavior runBehavior, SqlCommand cmdHandler, SqlDataReader dataStream, BulkCopySimpleResultSet bulkCopyHandler, TdsParserStateObject stateObj, Boolean& dataReady)
   at System.Data.SqlClient.TdsParser.Run(RunBehavior runBehavior, SqlCommand cmdHandler, SqlDataReader dataStream, BulkCopySimpleResultSet bulkCopyHandler, TdsParserStateObject stateObj)
   at System.Data.SqlClient.SqlInternalConnectionTds.CompleteLogin(Boolean enlistOK)
   at System.Data.SqlClient.SqlInternalConnectionTds.AttemptOneLogin(ServerInfo serverInfo, String newPassword, SecureString newSecurePassword, Boolean ignoreSniOpenTimeout, TimeoutTimer timeout, Boolean withFailover)
   at System.Data.SqlClient.SqlInternalConnectionTds.LoginNoFailover(ServerInfo serverInfo, String newPassword, SecureString newSecurePassword, Boolean redirectedUserInstance, SqlConnectionString connectionOptions, SqlCredential credential, TimeoutTimer timeout)
   at System.Data.SqlClient.SqlInternalConnectionTds.OpenLoginEnlist(TimeoutTimer timeout, SqlConnectionString connectionOptions, SqlCredential credential, String newPassword, SecureString newSecurePassword, Boolean redirectedUserInstance)
   at System.Data.SqlClient.SqlInternalConnectionTds..ctor(DbConnectionPoolIdentity identity, SqlConnectionString connectionOptions, SqlCredential credential, Object providerInfo, String newPassword, SecureString newSecurePassword, Boolean redirectedUserInstance, SqlConnectionString userConnectionOptions, SessionData reconnectSessionData)
   at System.Data.SqlClient.SqlConnectionFactory.CreateConnection(DbConnectionOptions options, DbConnectionPoolKey poolKey, Object poolGroupProviderInfo, DbConnectionPool pool, DbConnection owningConnection, DbConnectionOptions userOptions)
   at System.Data.ProviderBase.DbConnectionFactory.CreatePooledConnection(DbConnectionPool pool, DbConnection owningObject, DbConnectionOptions options, DbConnectionPoolKey poolKey, DbConnectionOptions userOptions)
   at System.Data.ProviderBase.DbConnectionPool.CreateObject(DbConnection owningObject, DbConnectionOptions userOptions, DbConnectionInternal oldConnection)
   at System.Data.ProviderBase.DbConnectionPool.UserCreateRequest(DbConnection owningObject, DbConnectionOptions userOptions, DbConnectionInternal oldConnection)
   at System.Data.ProviderBase.DbConnectionPool.TryGetConnection(DbConnection owningObject, UInt32 waitForMultipleObjectsTimeout, Boolean allowCreate, Boolean onlyOneCheckConnection, DbConnectionOptions userOptions, DbConnectionInternal& connection)
   at System.Data.ProviderBase.DbConnectionPool.TryGetConnection(DbConnection owningObject, TaskCompletionSource`1 retry, DbConnectionOptions userOptions, DbConnectionInternal& connection)
   at System.Data.ProviderBase.DbConnectionFactory.TryGetConnection(DbConnection owningConnection, TaskCompletionSource`1 retry, DbConnectionOptions userOptions, DbConnectionInternal oldConnection, DbConnectionInternal& connection)
   at System.Data.ProviderBase.DbConnectionInternal.TryOpenConnectionInternal(DbConnection outerConnection, DbConnectionFactory connectionFactory, TaskCompletionSource`1 retry, DbConnectionOptions userOptions)
   at System.Data.ProviderBase.DbConnectionClosed.TryOpenConnection(DbConnection outerConnection, DbConnectionFactory connectionFactory, TaskCompletionSource`1 retry, DbConnectionOptions userOptions)
   at System.Data.SqlClient.SqlConnection.TryOpenInner(TaskCompletionSource`1 retry)
   at System.Data.SqlClient.SqlConnection.TryOpen(TaskCompletionSource`1 retry)
   at System.Data.SqlClient.SqlConnection.Open()
   at System.Data.EntityClient.EntityConnection.OpenStoreConnectionIf(Boolean openCondition, DbConnection storeConnectionToOpen, DbConnection originalConnection, String exceptionCode, String attemptedOperation, Boolean& closeStoreConnectionOnFailure)
   --- End of inner exception stack trace ---
   at System.Data.EntityClient.EntityConnection.OpenStoreConnectionIf(Boolean openCondition, DbConnection storeConnectionToOpen, DbConnection originalConnection, String exceptionCode, String attemptedOperation, Boolean& closeStoreConnectionOnFailure)
   at System.Data.EntityClient.EntityConnection.Open()
   at System.Data.Objects.ObjectContext.EnsureConnection()
   at System.Data.Objects.ObjectQuery`1.GetResults(Nullable`1 forMergeOption)
   at System.Data.Objects.ObjectQuery`1.System.Collections.Generic.IEnumerable<T>.GetEnumerator()
   at System.Data.Entity.Internal.Linq.InternalQuery`1.GetEnumerator()
   at System.Data.Entity.Internal.Linq.InternalSet`1.GetEnumerator()
   at System.Data.Entity.Infrastructure.DbQuery`1.System.Collections.Generic.IEnumerable<TResult>.GetEnumerator()
   at System.Collections.Generic.List`1..ctor(IEnumerable`1 collection)
   at System.Linq.Enumerable.ToList[TSource](IEnumerable`1 source)
   at DAL.UserDao.GetList() in d:\GIT\team04\Twitter\DAL\Dao\imp\UserDao.cs:line 19
   at Services.UserService.IsEmailAndPassCorrect(LogInUserViewModel model) in d:\GIT\team04\Twitter\Services\imp\UserService.cs:line 41
2015-10-27 12:24:48,030 [14] DEBUG StaticLogger.Logger - user ID:1 vladg@gmail.com logged in
2015-10-27 12:24:48,283 [18] DEBUG StaticLogger.Logger - Newsfeed page displayed for user 1 vladg@gmail.com
2015-10-27 12:28:50,799 [14] DEBUG StaticLogger.Logger - user ID:1 vladg@gmail.com logged in
2015-10-27 12:28:51,009 [6] DEBUG StaticLogger.Logger - Newsfeed page displayed for user 1 vladg@gmail.com
2015-10-27 12:28:54,845 [14] DEBUG StaticLogger.Logger - user ID:1 vladg@gmail.com added a new tweet ID:252
2015-10-27 12:28:54,845 [14] DEBUG StaticLogger.Logger - User 1 vladg@gmail.com added new tweet from newsfeed page
2015-10-27 12:28:55,806 [14] DEBUG StaticLogger.Logger - User 1 vladg@gmail.com entered on his userpage
2015-10-27 12:28:58,574 [14] DEBUG StaticLogger.Logger - user ID:1 vladg@gmail.com edited a tweet ID:252
2015-10-27 12:28:59,614 [21] DEBUG StaticLogger.Logger - user ID:1 vladg@gmail.com deleted a tweet ID:252
2015-10-27 12:29:00,371 [14] DEBUG StaticLogger.Logger - user ID:1 vladg@gmail.com logged out
2015-10-27 14:30:05,121 [9] DEBUG StaticLogger.Logger - user ID:1 vladg@gmail.com logged in
2015-10-27 14:30:05,398 [8] DEBUG StaticLogger.Logger - Newsfeed page displayed for user 1 vladg@gmail.com
2015-10-27 14:30:08,715 [8] DEBUG StaticLogger.Logger - User 1 vladg@gmail.com has entered on his own profile
2015-10-27 14:30:36,832 [8] DEBUG StaticLogger.Logger - User 1 vladg@gmail.com entered on his userpage
2015-10-27 14:30:40,869 [8] DEBUG StaticLogger.Logger - All users are displayed for  1 vladg@gmail.com
2015-10-27 14:30:42,903 [5] DEBUG StaticLogger.Logger - All users are displayed for  1 vladg@gmail.com
2015-10-27 14:30:44,670 [9] DEBUG StaticLogger.Logger - All users are displayed for  1 vladg@gmail.com
2015-10-27 14:30:46,590 [8] DEBUG StaticLogger.Logger - A new follow pair created with publisherId 75 and subscriberId 1
2015-10-27 14:30:46,590 [8] DEBUG StaticLogger.Logger - User ID:1 now follows user ID:75
2015-10-27 14:30:49,339 [8] DEBUG StaticLogger.Logger - A new follow pair deleted with publisherId 2 and subscriberId 1
2015-10-27 14:30:50,403 [5] DEBUG StaticLogger.Logger - Information about 2 serghei@gmail.com are displayed
2015-10-27 14:30:53,219 [5] DEBUG StaticLogger.Logger - Newsfeed page displayed for user 1 vladg@gmail.com
2015-10-27 14:30:54,470 [9] DEBUG StaticLogger.Logger - User 1 vladg@gmail.com entered on his userpage
2015-10-27 14:30:55,990 [8] DEBUG StaticLogger.Logger - user ID:1 vladg@gmail.com deleted a tweet ID:251
2015-10-27 14:30:56,285 [5] DEBUG StaticLogger.Logger - user ID:1 vladg@gmail.com deleted a tweet ID:250
2015-10-27 14:30:56,484 [9] DEBUG StaticLogger.Logger - user ID:1 vladg@gmail.com deleted a tweet ID:249
2015-10-27 14:30:56,676 [5] DEBUG StaticLogger.Logger - user ID:1 vladg@gmail.com deleted a tweet ID:174
2015-10-27 14:30:56,866 [9] DEBUG StaticLogger.Logger - user ID:1 vladg@gmail.com deleted a tweet ID:173
2015-10-27 14:30:57,039 [5] DEBUG StaticLogger.Logger - user ID:1 vladg@gmail.com deleted a tweet ID:172
2015-10-27 14:30:57,227 [11] DEBUG StaticLogger.Logger - user ID:1 vladg@gmail.com deleted a tweet ID:146
2015-10-27 14:30:57,403 [9] DEBUG StaticLogger.Logger - user ID:1 vladg@gmail.com deleted a tweet ID:145
2015-10-27 14:30:57,643 [5] DEBUG StaticLogger.Logger - user ID:1 vladg@gmail.com deleted a tweet ID:144
2015-10-27 14:30:57,757 [9] DEBUG StaticLogger.Logger - user ID:1 vladg@gmail.com deleted a tweet ID:143
2015-10-27 14:30:58,009 [5] DEBUG StaticLogger.Logger - user ID:1 vladg@gmail.com deleted a tweet ID:142
2015-10-27 14:30:58,117 [9] DEBUG StaticLogger.Logger - user ID:1 vladg@gmail.com deleted a tweet ID:141
2015-10-27 14:30:58,301 [5] DEBUG StaticLogger.Logger - user ID:1 vladg@gmail.com deleted a tweet ID:140
2015-10-27 14:30:58,487 [9] DEBUG StaticLogger.Logger - user ID:1 vladg@gmail.com deleted a tweet ID:139
2015-10-27 14:30:58,651 [5] DEBUG StaticLogger.Logger - user ID:1 vladg@gmail.com deleted a tweet ID:138
2015-10-27 14:30:58,839 [9] DEBUG StaticLogger.Logger - user ID:1 vladg@gmail.com deleted a tweet ID:137
2015-10-27 14:30:59,804 [8] DEBUG StaticLogger.Logger - Newsfeed page displayed for user 1 vladg@gmail.com
2015-10-27 14:31:00,541 [8] DEBUG StaticLogger.Logger - All users are displayed for  1 vladg@gmail.com
2015-10-27 14:31:01,169 [5] DEBUG StaticLogger.Logger - User 1 vladg@gmail.com entered on his userpage
2015-10-27 14:31:03,297 [9] DEBUG StaticLogger.Logger - All users are displayed for  1 vladg@gmail.com
2015-10-27 14:31:03,985 [5] DEBUG StaticLogger.Logger - Newsfeed page displayed for user 1 vladg@gmail.com
2015-10-27 14:31:04,913 [12] DEBUG StaticLogger.Logger - Newsfeed page displayed for user 1 vladg@gmail.com
2015-10-27 14:31:08,596 [8] DEBUG StaticLogger.Logger - user ID:1 vladg@gmail.com logged out
2015-10-27 14:35:06,690 [16] ERROR StaticLogger.Logger - System.Data.EntityException: The underlying provider failed on Open. ---> System.Data.SqlClient.SqlException: A network-related or instance-specific error occurred while establishing a connection to SQL Server. The server was not found or was not accessible. Verify that the instance name is correct and that SQL Server is configured to allow remote connections. (provider: Named Pipes Provider, error: 40 - Could not open a connection to SQL Server) ---> System.ComponentModel.Win32Exception: The network path was not found
   --- End of inner exception stack trace ---
   at System.Data.SqlClient.SqlInternalConnection.OnError(SqlException exception, Boolean breakConnection, Action`1 wrapCloseInAction)
   at System.Data.SqlClient.TdsParser.ThrowExceptionAndWarning(TdsParserStateObject stateObj, Boolean callerHasConnectionLock, Boolean asyncClose)
   at System.Data.SqlClient.TdsParser.Connect(ServerInfo serverInfo, SqlInternalConnectionTds connHandler, Boolean ignoreSniOpenTimeout, Int64 timerExpire, Boolean encrypt, Boolean trustServerCert, Boolean integratedSecurity, Boolean withFailover)
   at System.Data.SqlClient.SqlInternalConnectionTds.AttemptOneLogin(ServerInfo serverInfo, String newPassword, SecureString newSecurePassword, Boolean ignoreSniOpenTimeout, TimeoutTimer timeout, Boolean withFailover)
   at System.Data.SqlClient.SqlInternalConnectionTds.LoginNoFailover(ServerInfo serverInfo, String newPassword, SecureString newSecurePassword, Boolean redirectedUserInstance, SqlConnectionString connectionOptions, SqlCredential credential, TimeoutTimer timeout)
   at System.Data.SqlClient.SqlInternalConnectionTds.OpenLoginEnlist(TimeoutTimer timeout, SqlConnectionString connectionOptions, SqlCredential credential, String newPassword, SecureString newSecurePassword, Boolean redirectedUserInstance)
   at System.Data.SqlClient.SqlInternalConnectionTds..ctor(DbConnectionPoolIdentity identity, SqlConnectionString connectionOptions, SqlCredential credential, Object providerInfo, String newPassword, SecureString newSecurePassword, Boolean redirectedUserInstance, SqlConnectionString userConnectionOptions, SessionData reconnectSessionData)
   at System.Data.SqlClient.SqlConnectionFactory.CreateConnection(DbConnectionOptions options, DbConnectionPoolKey poolKey, Object poolGroupProviderInfo, DbConnectionPool pool, DbConnection owningConnection, DbConnectionOptions userOptions)
   at System.Data.ProviderBase.DbConnectionFactory.CreatePooledConnection(DbConnectionPool pool, DbConnection owningObject, DbConnectionOptions options, DbConnectionPoolKey poolKey, DbConnectionOptions userOptions)
   at System.Data.ProviderBase.DbConnectionPool.CreateObject(DbConnection owningObject, DbConnectionOptions userOptions, DbConnectionInternal oldConnection)
   at System.Data.ProviderBase.DbConnectionPool.UserCreateRequest(DbConnection owningObject, DbConnectionOptions userOptions, DbConnectionInternal oldConnection)
   at System.Data.ProviderBase.DbConnectionPool.TryGetConnection(DbConnection owningObject, UInt32 waitForMultipleObjectsTimeout, Boolean allowCreate, Boolean onlyOneCheckConnection, DbConnectionOptions userOptions, DbConnectionInternal& connection)
   at System.Data.ProviderBase.DbConnectionPool.TryGetConnection(DbConnection owningObject, TaskCompletionSource`1 retry, DbConnectionOptions userOptions, DbConnectionInternal& connection)
   at System.Data.ProviderBase.DbConnectionFactory.TryGetConnection(DbConnection owningConnection, TaskCompletionSource`1 retry, DbConnectionOptions userOptions, DbConnectionInternal oldConnection, DbConnectionInternal& connection)
   at System.Data.ProviderBase.DbConnectionInternal.TryOpenConnectionInternal(DbConnection outerConnection, DbConnectionFactory connectionFactory, TaskCompletionSource`1 retry, DbConnectionOptions userOptions)
   at System.Data.ProviderBase.DbConnectionClosed.TryOpenConnection(DbConnection outerConnection, DbConnectionFactory connectionFactory, TaskCompletionSource`1 retry, DbConnectionOptions userOptions)
   at System.Data.SqlClient.SqlConnection.TryOpenInner(TaskCompletionSource`1 retry)
   at System.Data.SqlClient.SqlConnection.TryOpen(TaskCompletionSource`1 retry)
   at System.Data.SqlClient.SqlConnection.Open()
   at System.Data.EntityClient.EntityConnection.OpenStoreConnectionIf(Boolean openCondition, DbConnection storeConnectionToOpen, DbConnection originalConnection, String exceptionCode, String attemptedOperation, Boolean& closeStoreConnectionOnFailure)
   --- End of inner exception stack trace ---
   at System.Data.EntityClient.EntityConnection.OpenStoreConnectionIf(Boolean openCondition, DbConnection storeConnectionToOpen, DbConnection originalConnection, String exceptionCode, String attemptedOperation, Boolean& closeStoreConnectionOnFailure)
   at System.Data.EntityClient.EntityConnection.Open()
   at System.Data.Objects.ObjectContext.EnsureConnection()
   at System.Data.Objects.ObjectQuery`1.GetResults(Nullable`1 forMergeOption)
   at System.Data.Objects.ObjectQuery`1.System.Collections.Generic.IEnumerable<T>.GetEnumerator()
   at System.Data.Entity.Internal.Linq.InternalQuery`1.GetEnumerator()
   at System.Data.Entity.Internal.Linq.InternalSet`1.GetEnumerator()
   at System.Data.Entity.Infrastructure.DbQuery`1.System.Collections.Generic.IEnumerable<TResult>.GetEnumerator()
   at System.Collections.Generic.List`1..ctor(IEnumerable`1 collection)
   at System.Linq.Enumerable.ToList[TSource](IEnumerable`1 source)
   at DAL.UserDao.GetList() in d:\GIT\team04\Twitter\DAL\Dao\imp\UserDao.cs:line 17
   at Services.UserService.IsEmailUnique(String email) in d:\GIT\team04\Twitter\Services\imp\UserService.cs:line 44
2015-10-27 14:51:42,875 [42] DEBUG StaticLogger.Logger - user ID:1 vladg@gmail.com logged in
2015-10-27 14:51:43,050 [39] DEBUG StaticLogger.Logger - newsfeed page displayed for user 1 vladg@gmail.com
2015-10-27 14:53:13,999 [39] DEBUG StaticLogger.Logger - newsfeed page displayed for user 1 vladg@gmail.com
2015-10-27 14:53:35,418 [39] DEBUG StaticLogger.Logger - newsfeed page displayed for user 1 vladg@gmail.com
2015-10-27 14:53:59,039 [45] DEBUG StaticLogger.Logger - newsfeed page displayed for user 1 vladg@gmail.com
2015-10-27 14:54:52,919 [43] DEBUG StaticLogger.Logger - newsfeed page displayed for user 1 vladg@gmail.com
2015-10-27 14:56:51,102 [43] DEBUG StaticLogger.Logger - newsfeed page displayed for user 1 vladg@gmail.com
2015-10-27 14:57:55,561 [41] DEBUG StaticLogger.Logger - newsfeed page displayed for user 1 vladg@gmail.com
2015-10-27 14:58:13,588 [34] DEBUG StaticLogger.Logger - newsfeed page displayed for user 1 vladg@gmail.com
2015-10-27 14:58:14,750 [40] DEBUG StaticLogger.Logger - newsfeed page displayed for user 1 vladg@gmail.com
2015-10-27 14:58:47,392 [35] DEBUG StaticLogger.Logger - newsfeed page displayed for user 1 vladg@gmail.com
2015-10-27 14:58:59,234 [34] DEBUG StaticLogger.Logger - newsfeed page displayed for user 1 vladg@gmail.com
2015-10-27 15:00:13,075 [28] DEBUG StaticLogger.Logger - newsfeed page displayed for user 1 vladg@gmail.com
2015-10-27 15:00:26,380 [41] DEBUG StaticLogger.Logger - newsfeed page displayed for user 1 vladg@gmail.com
2015-10-27 15:00:43,685 [38] DEBUG StaticLogger.Logger - newsfeed page displayed for user 1 vladg@gmail.com
2015-10-27 15:00:59,654 [41] DEBUG StaticLogger.Logger - newsfeed page displayed for user 1 vladg@gmail.com
2015-10-27 15:01:24,814 [38] DEBUG StaticLogger.Logger - user  ID:1 vladg@gmail.com has entered on his own profile
2015-10-27 15:01:52,189 [32] DEBUG StaticLogger.Logger - user  ID:1 vladg@gmail.com has entered on his own profile
2015-10-27 15:02:15,842 [50] DEBUG StaticLogger.Logger - user  ID:1 vladg@gmail.com has entered on his own profile
2015-10-27 15:02:32,632 [50] DEBUG StaticLogger.Logger - user  ID:1 vladg@gmail.com has entered on his own profile
2015-10-27 15:05:10,566 [36] DEBUG StaticLogger.Logger - user  ID:1 vladg@gmail.com has entered on his own profile
2015-10-27 15:05:48,033 [36] DEBUG StaticLogger.Logger - user  ID:1 vladg@gmail.com has entered on his own profile
2015-10-27 15:06:01,935 [35] DEBUG StaticLogger.Logger - user ID:1 vladg@gmail.com logged in
2015-10-27 15:06:02,081 [36] DEBUG StaticLogger.Logger - newsfeed page displayed for user 1 vladg@gmail.com
2015-10-27 15:06:07,931 [36] DEBUG StaticLogger.Logger - user  ID:1 vladg@gmail.com has entered on his own profile
2015-10-27 15:07:37,406 [39] DEBUG StaticLogger.Logger - user  ID:1 vladg@gmail.com has entered on his own profile
2015-10-27 15:08:06,294 [26] DEBUG StaticLogger.Logger - user  ID:1 vladg@gmail.com has entered on his own profile
2015-10-27 15:09:03,244 [31] DEBUG StaticLogger.Logger - user  ID:1 vladg@gmail.com has entered on his own profile
2015-10-27 15:09:24,105 [26] DEBUG StaticLogger.Logger - user  ID:1 vladg@gmail.com has entered on his own profile
2015-10-27 15:09:43,167 [39] DEBUG StaticLogger.Logger - user  ID:1 vladg@gmail.com has entered on his own profile
2015-10-27 15:09:56,272 [40] DEBUG StaticLogger.Logger - user  ID:1 vladg@gmail.com has entered on his own profile
2015-10-27 15:10:12,782 [36] DEBUG StaticLogger.Logger - user  ID:1 vladg@gmail.com has entered on his own profile
2015-10-27 15:10:38,048 [29] DEBUG StaticLogger.Logger - User ID:1 vladg1@gmail.com was updated successfully
2015-10-27 15:10:38,048 [29] DEBUG StaticLogger.Logger - user  ID:1 vladg@gmail.com updated own information
2015-10-27 15:10:38,065 [34] DEBUG StaticLogger.Logger - user  ID:1 vladg@gmail.com has entered on his own profile
2015-10-27 15:10:44,473 [50] DEBUG StaticLogger.Logger - all users are displayed for ID:1 vladg1@gmail.com
2015-10-27 15:10:45,686 [31] DEBUG StaticLogger.Logger - user 1 vladg1@gmail.com entered on his userpage
2015-10-27 15:10:46,493 [50] DEBUG StaticLogger.Logger - newsfeed page displayed for user 1 vladg1@gmail.com
2015-10-27 15:10:50,574 [40] DEBUG StaticLogger.Logger - user  ID:1 vladg1@gmail.com has entered on his own profile
2015-10-27 15:11:01,758 [29] DEBUG StaticLogger.Logger - User ID:1 vladg@gmail.com was updated successfully
2015-10-27 15:11:01,759 [29] DEBUG StaticLogger.Logger - user  ID:1 vladg1@gmail.com updated own information
2015-10-27 15:11:01,771 [50] DEBUG StaticLogger.Logger - user  ID:1 vladg1@gmail.com has entered on his own profile
2015-10-27 15:12:06,034 [40] DEBUG StaticLogger.Logger - newsfeed page displayed for user 1 vladg@gmail.com
2015-10-27 15:12:07,536 [40] DEBUG StaticLogger.Logger - all users are displayed for ID:1 vladg@gmail.com
2015-10-27 15:12:59,704 [32] ERROR StaticLogger.Logger - System.Data.EntityException: The underlying provider failed on Open. ---> System.Data.SqlClient.SqlException: A network-related or instance-specific error occurred while establishing a connection to SQL Server. The server was not found or was not accessible. Verify that the instance name is correct and that SQL Server is configured to allow remote connections. (provider: Named Pipes Provider, error: 40 - Could not open a connection to SQL Server) ---> System.ComponentModel.Win32Exception: The network path was not found
   --- End of inner exception stack trace ---
   at System.Data.SqlClient.SqlInternalConnection.OnError(SqlException exception, Boolean breakConnection, Action`1 wrapCloseInAction)
   at System.Data.SqlClient.TdsParser.ThrowExceptionAndWarning(TdsParserStateObject stateObj, Boolean callerHasConnectionLock, Boolean asyncClose)
   at System.Data.SqlClient.TdsParser.Connect(ServerInfo serverInfo, SqlInternalConnectionTds connHandler, Boolean ignoreSniOpenTimeout, Int64 timerExpire, Boolean encrypt, Boolean trustServerCert, Boolean integratedSecurity, Boolean withFailover)
   at System.Data.SqlClient.SqlInternalConnectionTds.AttemptOneLogin(ServerInfo serverInfo, String newPassword, SecureString newSecurePassword, Boolean ignoreSniOpenTimeout, TimeoutTimer timeout, Boolean withFailover)
   at System.Data.SqlClient.SqlInternalConnectionTds.LoginNoFailover(ServerInfo serverInfo, String newPassword, SecureString newSecurePassword, Boolean redirectedUserInstance, SqlConnectionString connectionOptions, SqlCredential credential, TimeoutTimer timeout)
   at System.Data.SqlClient.SqlInternalConnectionTds.OpenLoginEnlist(TimeoutTimer timeout, SqlConnectionString connectionOptions, SqlCredential credential, String newPassword, SecureString newSecurePassword, Boolean redirectedUserInstance)
   at System.Data.SqlClient.SqlInternalConnectionTds..ctor(DbConnectionPoolIdentity identity, SqlConnectionString connectionOptions, SqlCredential credential, Object providerInfo, String newPassword, SecureString newSecurePassword, Boolean redirectedUserInstance, SqlConnectionString userConnectionOptions, SessionData reconnectSessionData)
   at System.Data.SqlClient.SqlConnectionFactory.CreateConnection(DbConnectionOptions options, DbConnectionPoolKey poolKey, Object poolGroupProviderInfo, DbConnectionPool pool, DbConnection owningConnection, DbConnectionOptions userOptions)
   at System.Data.ProviderBase.DbConnectionFactory.CreatePooledConnection(DbConnectionPool pool, DbConnection owningObject, DbConnectionOptions options, DbConnectionPoolKey poolKey, DbConnectionOptions userOptions)
   at System.Data.ProviderBase.DbConnectionPool.CreateObject(DbConnection owningObject, DbConnectionOptions userOptions, DbConnectionInternal oldConnection)
   at System.Data.ProviderBase.DbConnectionPool.UserCreateRequest(DbConnection owningObject, DbConnectionOptions userOptions, DbConnectionInternal oldConnection)
   at System.Data.ProviderBase.DbConnectionPool.TryGetConnection(DbConnection owningObject, UInt32 waitForMultipleObjectsTimeout, Boolean allowCreate, Boolean onlyOneCheckConnection, DbConnectionOptions userOptions, DbConnectionInternal& connection)
   at System.Data.ProviderBase.DbConnectionPool.TryGetConnection(DbConnection owningObject, TaskCompletionSource`1 retry, DbConnectionOptions userOptions, DbConnectionInternal& connection)
   at System.Data.ProviderBase.DbConnectionFactory.TryGetConnection(DbConnection owningConnection, TaskCompletionSource`1 retry, DbConnectionOptions userOptions, DbConnectionInternal oldConnection, DbConnectionInternal& connection)
   at System.Data.ProviderBase.DbConnectionInternal.TryOpenConnectionInternal(DbConnection outerConnection, DbConnectionFactory connectionFactory, TaskCompletionSource`1 retry, DbConnectionOptions userOptions)
   at System.Data.ProviderBase.DbConnectionClosed.TryOpenConnection(DbConnection outerConnection, DbConnectionFactory connectionFactory, TaskCompletionSource`1 retry, DbConnectionOptions userOptions)
   at System.Data.SqlClient.SqlConnection.TryOpenInner(TaskCompletionSource`1 retry)
   at System.Data.SqlClient.SqlConnection.TryOpen(TaskCompletionSource`1 retry)
   at System.Data.SqlClient.SqlConnection.Open()
   at System.Data.EntityClient.EntityConnection.OpenStoreConnectionIf(Boolean openCondition, DbConnection storeConnectionToOpen, DbConnection originalConnection, String exceptionCode, String attemptedOperation, Boolean& closeStoreConnectionOnFailure)
   --- End of inner exception stack trace ---
   at System.Data.EntityClient.EntityConnection.OpenStoreConnectionIf(Boolean openCondition, DbConnection storeConnectionToOpen, DbConnection originalConnection, String exceptionCode, String attemptedOperation, Boolean& closeStoreConnectionOnFailure)
   at System.Data.EntityClient.EntityConnection.Open()
   at System.Data.Objects.ObjectContext.EnsureConnection()
   at System.Data.Objects.ObjectQuery`1.GetResults(Nullable`1 forMergeOption)
   at System.Data.Objects.ObjectQuery`1.System.Collections.Generic.IEnumerable<T>.GetEnumerator()
   at System.Data.Entity.Internal.Linq.InternalQuery`1.GetEnumerator()
   at System.Data.Entity.Internal.Linq.InternalSet`1.GetEnumerator()
   at System.Data.Entity.Infrastructure.DbQuery`1.System.Collections.Generic.IEnumerable<TResult>.GetEnumerator()
   at System.Collections.Generic.List`1..ctor(IEnumerable`1 collection)
   at System.Linq.Enumerable.ToList[TSource](IEnumerable`1 source)
   at DAL.UserDao.GetList() in d:\GIT\team04\Twitter\DAL\Dao\imp\UserDao.cs:line 17
   at Services.UserService.IsEmailAndPassCorrect(LogInUserViewModel model) in d:\GIT\team04\Twitter\Services\imp\UserService.cs:line 58
2015-10-27 15:13:40,031 [29] DEBUG StaticLogger.Logger - user ID:1 vladg@gmail.com logged in
2015-10-27 15:13:40,261 [32] DEBUG StaticLogger.Logger - newsfeed page displayed for user 1 vladg@gmail.com
2015-10-27 15:13:42,113 [29] DEBUG StaticLogger.Logger - user 1 vladg@gmail.com entered on his userpage
2015-10-27 15:15:16,053 [45] DEBUG StaticLogger.Logger - user ID:1 vladg@gmail.com logged in
2015-10-27 15:15:16,194 [29] DEBUG StaticLogger.Logger - newsfeed page displayed for user 1 vladg@gmail.com
2015-10-27 15:15:18,751 [36] DEBUG StaticLogger.Logger - user  ID:1 vladg@gmail.com has entered on his own profile
2015-10-27 15:15:24,673 [45] DEBUG StaticLogger.Logger - newsfeed page displayed for user 1 vladg@gmail.com
2015-10-27 15:15:26,751 [49] DEBUG StaticLogger.Logger - all users are displayed for ID:1 vladg@gmail.com
2015-10-27 15:15:28,120 [29] DEBUG StaticLogger.Logger - newsfeed page displayed for user 1 vladg@gmail.com
2015-10-27 15:15:29,274 [29] DEBUG StaticLogger.Logger - user 1 vladg@gmail.com entered on his userpage
2015-10-27 15:16:09,630 [49] DEBUG StaticLogger.Logger - user 1 vladg@gmail.com entered on his userpage
2015-10-27 15:16:55,970 [34] DEBUG StaticLogger.Logger - all users are displayed for ID:1 vladg@gmail.com
2015-10-27 15:16:57,227 [37] DEBUG StaticLogger.Logger - information about user ID:2 serghei@gmail.com are displayed
2015-10-27 15:16:57,418 [50] DEBUG StaticLogger.Logger - user 1 vladg@gmail.com entered on his userpage
2015-10-27 15:17:22,360 [50] DEBUG StaticLogger.Logger - information about user ID:2 serghei@gmail.com are displayed
2015-10-27 15:17:31,426 [49] DEBUG StaticLogger.Logger - all users are displayed for ID:1 vladg@gmail.com
2015-10-27 15:17:31,977 [50] DEBUG StaticLogger.Logger - user 1 vladg@gmail.com entered on his userpage
2015-10-27 15:17:34,078 [49] DEBUG StaticLogger.Logger - all users are displayed for ID:1 vladg@gmail.com
2015-10-27 15:17:34,736 [37] DEBUG StaticLogger.Logger - user 1 vladg@gmail.com entered on his userpage
2015-10-27 15:17:37,031 [49] DEBUG StaticLogger.Logger - all users are displayed for ID:1 vladg@gmail.com
2015-10-27 15:17:38,347 [37] DEBUG StaticLogger.Logger - information about user ID:2 serghei@gmail.com are displayed
2015-10-27 15:17:58,742 [49] DEBUG StaticLogger.Logger - user 1 vladg@gmail.com entered on his userpage
2015-10-27 15:17:59,664 [37] DEBUG StaticLogger.Logger - all users are displayed for ID:1 vladg@gmail.com
2015-10-27 15:18:00,213 [50] DEBUG StaticLogger.Logger - newsfeed page displayed for user 1 vladg@gmail.com
2015-10-27 15:18:07,265 [50] DEBUG StaticLogger.Logger - all users are displayed for ID:1 vladg@gmail.com
2015-10-27 15:18:08,281 [47] DEBUG StaticLogger.Logger - user 1 vladg@gmail.com entered on his userpage
2015-10-27 15:18:13,555 [37] DEBUG StaticLogger.Logger - user  ID:1 vladg@gmail.com has entered on his own profile
2015-10-27 15:18:15,738 [40] DEBUG StaticLogger.Logger - user 1 vladg@gmail.com entered on his userpage
2015-10-27 15:18:17,075 [39] DEBUG StaticLogger.Logger - user  ID:1 vladg@gmail.com has entered on his own profile
2015-10-27 15:18:25,184 [39] DEBUG StaticLogger.Logger - all users are displayed for ID:1 vladg@gmail.com
2015-10-27 15:18:43,344 [48] DEBUG StaticLogger.Logger - all users are displayed for ID:1 vladg@gmail.com
2015-10-27 15:18:44,438 [47] DEBUG StaticLogger.Logger - newsfeed page displayed for user 1 vladg@gmail.com
2015-10-27 15:18:45,040 [37] DEBUG StaticLogger.Logger - all users are displayed for ID:1 vladg@gmail.com
2015-10-27 15:18:45,978 [48] DEBUG StaticLogger.Logger - information about user ID:2 serghei@gmail.com are displayed
2015-10-27 15:18:47,273 [50] DEBUG StaticLogger.Logger - A new follow pair created with publisherId 2 and subscriberId 1
2015-10-27 15:18:47,273 [50] DEBUG StaticLogger.Logger - user ID:1 now follows user ID:2
2015-10-27 15:18:49,407 [48] DEBUG StaticLogger.Logger - all users are displayed for ID:1 vladg@gmail.com
2015-10-27 15:18:53,432 [48] DEBUG StaticLogger.Logger - user 1 vladg@gmail.com entered on his userpage
2015-10-27 15:19:07,136 [37] DEBUG StaticLogger.Logger - all users are displayed for ID:1 vladg@gmail.com
2015-10-27 15:19:07,880 [48] DEBUG StaticLogger.Logger - user 1 vladg@gmail.com entered on his userpage
2015-10-27 15:19:09,811 [37] DEBUG StaticLogger.Logger - newsfeed page displayed for user 1 vladg@gmail.com
2015-10-27 15:19:12,238 [47] DEBUG StaticLogger.Logger - all users are displayed for ID:1 vladg@gmail.com
2015-10-27 15:19:13,772 [37] DEBUG StaticLogger.Logger - user 1 vladg@gmail.com entered on his userpage
2015-10-27 15:19:28,462 [37] DEBUG StaticLogger.Logger - newsfeed page displayed for user 1 vladg@gmail.com
2015-10-27 15:19:30,135 [26] DEBUG StaticLogger.Logger - all users are displayed for ID:1 vladg@gmail.com
2015-10-27 15:19:30,864 [48] DEBUG StaticLogger.Logger - user 1 vladg@gmail.com entered on his userpage
2015-10-27 15:19:33,341 [34] DEBUG StaticLogger.Logger - user  ID:1 vladg@gmail.com has entered on his own profile
2015-10-27 15:20:04,738 [37] DEBUG StaticLogger.Logger - user  ID:1 vladg@gmail.com has entered on his own profile
2015-10-27 15:20:13,433 [40] DEBUG StaticLogger.Logger - user  ID:1 vladg@gmail.com has entered on his own profile
2015-10-27 15:20:19,687 [39] DEBUG StaticLogger.Logger - all users are displayed for ID:1 vladg@gmail.com
2015-10-27 15:20:20,602 [47] DEBUG StaticLogger.Logger - user 1 vladg@gmail.com entered on his userpage
2015-10-27 15:20:25,656 [39] DEBUG StaticLogger.Logger - newsfeed page displayed for user 1 vladg@gmail.com
2015-10-27 15:20:27,679 [26] DEBUG StaticLogger.Logger - all users are displayed for ID:1 vladg@gmail.com
2015-10-27 15:20:29,051 [39] DEBUG StaticLogger.Logger - information about user ID:2 serghei@gmail.com are displayed
2015-10-27 15:22:19,268 [39] DEBUG StaticLogger.Logger - information about user ID:2 serghei@gmail.com are displayed
2015-10-27 15:22:26,834 [44] DEBUG StaticLogger.Logger - all users are displayed for ID:1 vladg@gmail.com
2015-10-27 15:22:27,801 [44] DEBUG StaticLogger.Logger - information about user ID:2 serghei@gmail.com are displayed
2015-10-27 15:22:52,879 [49] DEBUG StaticLogger.Logger - information about user ID:2 serghei@gmail.com are displayed
2015-10-27 15:23:39,560 [44] DEBUG StaticLogger.Logger - information about user ID:2 serghei@gmail.com are displayed
2015-10-27 15:24:31,522 [50] DEBUG StaticLogger.Logger - A new follow pair deleted with publisherId 2 and subscriberId 1
2015-10-27 15:24:48,342 [49] DEBUG StaticLogger.Logger - information about user ID:2 serghei@gmail.com are displayed
2015-10-27 15:24:56,195 [49] DEBUG StaticLogger.Logger - A new follow pair created with publisherId 2 and subscriberId 1
2015-10-27 15:24:56,195 [49] DEBUG StaticLogger.Logger - user ID:1 now follows user ID:2
2015-10-27 15:24:57,610 [30] DEBUG StaticLogger.Logger - A new follow pair deleted with publisherId 2 and subscriberId 1
2015-10-27 15:24:58,269 [50] DEBUG StaticLogger.Logger - A new follow pair created with publisherId 2 and subscriberId 1
2015-10-27 15:24:58,270 [50] DEBUG StaticLogger.Logger - user ID:1 now follows user ID:2
2015-10-27 15:24:58,882 [49] DEBUG StaticLogger.Logger - A new follow pair deleted with publisherId 2 and subscriberId 1
2015-10-27 15:24:59,442 [44] DEBUG StaticLogger.Logger - A new follow pair created with publisherId 2 and subscriberId 1
2015-10-27 15:24:59,442 [44] DEBUG StaticLogger.Logger - user ID:1 now follows user ID:2
2015-10-27 15:24:59,993 [30] DEBUG StaticLogger.Logger - A new follow pair deleted with publisherId 2 and subscriberId 1
2015-10-27 15:25:00,358 [49] DEBUG StaticLogger.Logger - information about user ID:2 serghei@gmail.com are displayed
2015-10-27 15:26:51,787 [50] DEBUG StaticLogger.Logger - user  ID:1 vladg@gmail.com has entered on his own profile
2015-10-27 15:27:03,687 [28] DEBUG StaticLogger.Logger - user  ID:1 vladg@gmail.com has entered on his own profile
2015-10-27 15:27:09,341 [39] DEBUG StaticLogger.Logger - user  ID:1 vladg@gmail.com has entered on his own profile
2015-10-27 15:27:10,209 [27] DEBUG StaticLogger.Logger - user  ID:1 vladg@gmail.com has entered on his own profile
2015-10-27 15:27:10,454 [44] DEBUG StaticLogger.Logger - user  ID:1 vladg@gmail.com has entered on his own profile
2015-10-27 15:27:10,707 [28] DEBUG StaticLogger.Logger - user  ID:1 vladg@gmail.com has entered on his own profile
2015-10-27 15:27:11,149 [33] DEBUG StaticLogger.Logger - user  ID:1 vladg@gmail.com has entered on his own profile
2015-10-27 15:27:11,349 [39] DEBUG StaticLogger.Logger - user  ID:1 vladg@gmail.com has entered on his own profile
2015-10-27 15:27:11,551 [36] DEBUG StaticLogger.Logger - user  ID:1 vladg@gmail.com has entered on his own profile
2015-10-27 15:27:11,793 [27] DEBUG StaticLogger.Logger - user  ID:1 vladg@gmail.com has entered on his own profile
2015-10-27 15:27:23,938 [36] DEBUG StaticLogger.Logger - newsfeed page displayed for user 1 vladg@gmail.com
2015-10-27 15:27:31,639 [50] DEBUG StaticLogger.Logger - all users are displayed for ID:1 vladg@gmail.com
2015-10-27 15:27:32,692 [39] DEBUG StaticLogger.Logger - user 1 vladg@gmail.com entered on his userpage
2015-10-27 15:27:35,522 [39] DEBUG StaticLogger.Logger - newsfeed page displayed for user 1 vladg@gmail.com
2015-10-27 15:27:37,038 [50] DEBUG StaticLogger.Logger - all users are displayed for ID:1 vladg@gmail.com
2015-10-27 15:27:38,096 [39] DEBUG StaticLogger.Logger - newsfeed page displayed for user 1 vladg@gmail.com
2015-10-27 15:28:40,510 [50] DEBUG StaticLogger.Logger - newsfeed page displayed for user 1 vladg@gmail.com
2015-10-27 15:30:02,472 [34] DEBUG StaticLogger.Logger - newsfeed page displayed for user 1 vladg@gmail.com
2015-10-27 15:30:05,924 [34] DEBUG StaticLogger.Logger - user 1 vladg@gmail.com entered on his userpage
2015-10-27 15:30:08,044 [50] DEBUG StaticLogger.Logger - all users are displayed for ID:1 vladg@gmail.com
2015-10-27 15:30:08,592 [39] DEBUG StaticLogger.Logger - newsfeed page displayed for user 1 vladg@gmail.com
2015-10-27 15:30:09,355 [44] DEBUG StaticLogger.Logger - all users are displayed for ID:1 vladg@gmail.com
2015-10-27 15:30:09,725 [39] DEBUG StaticLogger.Logger - user 1 vladg@gmail.com entered on his userpage
2015-10-27 15:30:13,825 [50] DEBUG StaticLogger.Logger - user  ID:1 vladg@gmail.com has entered on his own profile
2015-10-27 15:30:18,038 [50] DEBUG StaticLogger.Logger - newsfeed page displayed for user 1 vladg@gmail.com
2015-10-27 15:30:21,333 [39] DEBUG StaticLogger.Logger - all users are displayed for ID:1 vladg@gmail.com
2015-10-27 15:30:23,189 [50] DEBUG StaticLogger.Logger - user 1 vladg@gmail.com entered on his userpage
2015-10-27 15:30:25,892 [44] DEBUG StaticLogger.Logger - newsfeed page displayed for user 1 vladg@gmail.com
2015-10-27 15:30:32,963 [50] DEBUG StaticLogger.Logger - newsfeed page displayed for user 1 vladg@gmail.com
2015-10-27 15:30:33,618 [39] DEBUG StaticLogger.Logger - all users are displayed for ID:1 vladg@gmail.com
2015-10-27 15:30:34,788 [34] DEBUG StaticLogger.Logger - user 1 vladg@gmail.com entered on his userpage
2015-10-27 15:32:36,349 [34] DEBUG StaticLogger.Logger - user 1 vladg@gmail.com entered on his userpage
2015-10-27 15:33:29,921 [30] DEBUG StaticLogger.Logger - user 1 vladg@gmail.com entered on his userpage
2015-10-27 15:33:47,438 [34] DEBUG StaticLogger.Logger - user 1 vladg@gmail.com entered on his userpage
2015-10-27 15:33:54,189 [30] DEBUG StaticLogger.Logger - user 1 vladg@gmail.com entered on his userpage
2015-10-27 15:34:12,718 [33] DEBUG StaticLogger.Logger - user 1 vladg@gmail.com entered on his userpage
2015-10-27 15:35:58,414 [33] DEBUG StaticLogger.Logger - information about user ID:2 serghei@gmail.com are displayed
2015-10-27 15:36:09,969 [26] DEBUG StaticLogger.Logger - information about user ID:2 serghei@gmail.com are displayed
2015-10-27 15:36:22,931 [26] DEBUG StaticLogger.Logger - information about user ID:2 serghei@gmail.com are displayed
2015-10-27 15:36:38,406 [26] DEBUG StaticLogger.Logger - information about user ID:2 serghei@gmail.com are displayed
2015-10-27 15:37:56,961 [26] DEBUG StaticLogger.Logger - information about user ID:2 serghei@gmail.com are displayed
2015-10-27 15:38:22,661 [29] DEBUG StaticLogger.Logger - information about user ID:2 serghei@gmail.com are displayed
2015-10-27 15:38:28,158 [48] DEBUG StaticLogger.Logger - information about user ID:2 serghei@gmail.com are displayed
2015-10-27 15:38:49,355 [26] DEBUG StaticLogger.Logger - information about user ID:2 serghei@gmail.com are displayed
2015-10-27 15:39:07,668 [26] DEBUG StaticLogger.Logger - information about user ID:2 serghei@gmail.com are displayed
2015-10-27 15:39:15,042 [29] DEBUG StaticLogger.Logger - information about user ID:2 serghei@gmail.com are displayed
2015-10-27 15:39:35,524 [49] DEBUG StaticLogger.Logger - information about user ID:2 serghei@gmail.com are displayed
